Arguments: 
  /usr/local/bin/node /usr/local/Cellar/yarn/1.22.4/libexec/bin/yarn.js add monemt

PATH: 
  /Users/zhinian/Downloads/flutter/bin:/usr/local/bin:/usr/bin:/bin:/usr/sbin:/sbin:/usr/local/mysql/bin

Yarn version: 
  1.22.4

Node version: 
  10.16.0

Platform: 
  darwin x64

Trace: 
  Error: https://registry.npm.taobao.org/monemt: Not found
      at Request.params.callback [as _callback] (/usr/local/Cellar/yarn/1.22.4/libexec/lib/cli.js:66987:18)
      at Request.self.callback (/usr/local/Cellar/yarn/1.22.4/libexec/lib/cli.js:140748:22)
      at Request.emit (events.js:198:13)
      at Request.<anonymous> (/usr/local/Cellar/yarn/1.22.4/libexec/lib/cli.js:141720:10)
      at Request.emit (events.js:198:13)
      at IncomingMessage.<anonymous> (/usr/local/Cellar/yarn/1.22.4/libexec/lib/cli.js:141642:12)
      at Object.onceWrapper (events.js:286:20)
      at IncomingMessage.emit (events.js:203:15)
      at endReadableNT (_stream_readable.js:1129:12)
      at process._tickCallback (internal/process/next_tick.js:63:19)

npm manifest: 
  {
    "name": "fallLoveService",
    "version": "1.0.0",
    "description": "",
    "main": "index.js",
    "scripts": {
      "dev": "nodemon ./src/index.js",
      "test": "echo \"Error: no test specified\" && exit 1"
    },
    "keywords": [],
    "author": "",
    "license": "ISC",
    "dependencies": {
      "koa": "^2.11.0",
      "koa-bodyparser": "^4.3.0",
      "koa-logger": "^3.2.1",
      "koa-mysql-session": "0.0.2",
      "koa-router": "^8.0.8",
      "koa-session-minimal": "^4.0.0",
      "koa-static-cache": "^5.1.3",
      "md5": "^2.2.1",
      "mysql": "^2.18.1"
    },
    "devDependencies": {
      "nodemon": "^2.0.3"
    }
  }

yarn manifest: 
  No manifest

Lockfile: 
  No lockfile
